Determining if the __x86_64__ exist failed with the following output:
Change Dir: /home/pi/direwolf/build/CMakeFiles/CMakeScratch/TryCompile-nBEuZC

Run Build Command(s):/usr/bin/gmake -f Makefile cmTC_8b5ef/fast && /usr/bin/gmake  -f CMakeFiles/cmTC_8b5ef.dir/build.make CMakeFiles/cmTC_8b5ef.dir/build
gmake[1]: Entering directory '/home/pi/direwolf/build/CMakeFiles/CMakeScratch/TryCompile-nBEuZC'
Building C object CMakeFiles/cmTC_8b5ef.dir/CheckSymbolExists.c.o
/usr/bin/cc    -o CMakeFiles/cmTC_8b5ef.dir/CheckSymbolExists.c.o -c /home/pi/direwolf/build/CMakeFiles/CMakeScratch/TryCompile-nBEuZC/CheckSymbolExists.c
/home/pi/direwolf/build/CMakeFiles/CMakeScratch/TryCompile-nBEuZC/CheckSymbolExists.c: In function ‘main’:
/home/pi/direwolf/build/CMakeFiles/CMakeScratch/TryCompile-nBEuZC/CheckSymbolExists.c:7:19: error: ‘__x86_64__’ undeclared (first use in this function)
    7 |   return ((int*)(&__x86_64__))[argc];
      |                   ^~~~~~~~~~
/home/pi/direwolf/build/CMakeFiles/CMakeScratch/TryCompile-nBEuZC/CheckSymbolExists.c:7:19: note: each undeclared identifier is reported only once for each function it appears in
gmake[1]: *** [CMakeFiles/cmTC_8b5ef.dir/build.make:78: CMakeFiles/cmTC_8b5ef.dir/CheckSymbolExists.c.o] Error 1
gmake[1]: Leaving directory '/home/pi/direwolf/build/CMakeFiles/CMakeScratch/TryCompile-nBEuZC'
gmake: *** [Makefile:127: cmTC_8b5ef/fast] Error 2


File CheckSymbolExists.c:
/* */

int main(int argc, char** argv)
{
  (void)argv;
#ifndef __x86_64__
  return ((int*)(&__x86_64__))[argc];
#else
  (void)argc;
  return 0;
#endif
}
Determining if the __i386__ exist failed with the following output:
Change Dir: /home/pi/direwolf/build/CMakeFiles/CMakeScratch/TryCompile-hKbr5g

Run Build Command(s):/usr/bin/gmake -f Makefile cmTC_1e9a7/fast && /usr/bin/gmake  -f CMakeFiles/cmTC_1e9a7.dir/build.make CMakeFiles/cmTC_1e9a7.dir/build
gmake[1]: Entering directory '/home/pi/direwolf/build/CMakeFiles/CMakeScratch/TryCompile-hKbr5g'
Building C object CMakeFiles/cmTC_1e9a7.dir/CheckSymbolExists.c.o
/usr/bin/cc    -o CMakeFiles/cmTC_1e9a7.dir/CheckSymbolExists.c.o -c /home/pi/direwolf/build/CMakeFiles/CMakeScratch/TryCompile-hKbr5g/CheckSymbolExists.c
/home/pi/direwolf/build/CMakeFiles/CMakeScratch/TryCompile-hKbr5g/CheckSymbolExists.c: In function ‘main’:
/home/pi/direwolf/build/CMakeFiles/CMakeScratch/TryCompile-hKbr5g/CheckSymbolExists.c:7:19: error: ‘__i386__’ undeclared (first use in this function)
    7 |   return ((int*)(&__i386__))[argc];
      |                   ^~~~~~~~
/home/pi/direwolf/build/CMakeFiles/CMakeScratch/TryCompile-hKbr5g/CheckSymbolExists.c:7:19: note: each undeclared identifier is reported only once for each function it appears in
gmake[1]: *** [CMakeFiles/cmTC_1e9a7.dir/build.make:78: CMakeFiles/cmTC_1e9a7.dir/CheckSymbolExists.c.o] Error 1
gmake[1]: Leaving directory '/home/pi/direwolf/build/CMakeFiles/CMakeScratch/TryCompile-hKbr5g'
gmake: *** [Makefile:127: cmTC_1e9a7/fast] Error 2


File CheckSymbolExists.c:
/* */

int main(int argc, char** argv)
{
  (void)argv;
#ifndef __i386__
  return ((int*)(&__i386__))[argc];
#else
  (void)argc;
  return 0;
#endif
}
Determining if the __arm__ exist failed with the following output:
Change Dir: /home/pi/direwolf/build/CMakeFiles/CMakeScratch/TryCompile-Cj8uXH

Run Build Command(s):/usr/bin/gmake -f Makefile cmTC_33419/fast && /usr/bin/gmake  -f CMakeFiles/cmTC_33419.dir/build.make CMakeFiles/cmTC_33419.dir/build
gmake[1]: Entering directory '/home/pi/direwolf/build/CMakeFiles/CMakeScratch/TryCompile-Cj8uXH'
Building C object CMakeFiles/cmTC_33419.dir/CheckSymbolExists.c.o
/usr/bin/cc    -o CMakeFiles/cmTC_33419.dir/CheckSymbolExists.c.o -c /home/pi/direwolf/build/CMakeFiles/CMakeScratch/TryCompile-Cj8uXH/CheckSymbolExists.c
/home/pi/direwolf/build/CMakeFiles/CMakeScratch/TryCompile-Cj8uXH/CheckSymbolExists.c: In function ‘main’:
/home/pi/direwolf/build/CMakeFiles/CMakeScratch/TryCompile-Cj8uXH/CheckSymbolExists.c:7:19: error: ‘__arm__’ undeclared (first use in this function)
    7 |   return ((int*)(&__arm__))[argc];
      |                   ^~~~~~~
/home/pi/direwolf/build/CMakeFiles/CMakeScratch/TryCompile-Cj8uXH/CheckSymbolExists.c:7:19: note: each undeclared identifier is reported only once for each function it appears in
gmake[1]: *** [CMakeFiles/cmTC_33419.dir/build.make:78: CMakeFiles/cmTC_33419.dir/CheckSymbolExists.c.o] Error 1
gmake[1]: Leaving directory '/home/pi/direwolf/build/CMakeFiles/CMakeScratch/TryCompile-Cj8uXH'
gmake: *** [Makefile:127: cmTC_33419/fast] Error 2


File CheckSymbolExists.c:
/* */

int main(int argc, char** argv)
{
  (void)argv;
#ifndef __arm__
  return ((int*)(&__arm__))[argc];
#else
  (void)argc;
  return 0;
#endif
}
Determining if the strlcpy exist failed with the following output:
Change Dir: /home/pi/direwolf/build/CMakeFiles/CMakeScratch/TryCompile-hJ1iJR

Run Build Command(s):/usr/bin/gmake -f Makefile cmTC_4f2b9/fast && /usr/bin/gmake  -f CMakeFiles/cmTC_4f2b9.dir/build.make CMakeFiles/cmTC_4f2b9.dir/build
gmake[1]: Entering directory '/home/pi/direwolf/build/CMakeFiles/CMakeScratch/TryCompile-hJ1iJR'
Building C object CMakeFiles/cmTC_4f2b9.dir/CheckSymbolExists.c.o
/usr/bin/cc   -Wall -Wvla -ffast-math -ftree-vectorize -D_GNU_SOURCE  -fmax-errors=1  -o CMakeFiles/cmTC_4f2b9.dir/CheckSymbolExists.c.o -c /home/pi/direwolf/build/CMakeFiles/CMakeScratch/TryCompile-hJ1iJR/CheckSymbolExists.c
/home/pi/direwolf/build/CMakeFiles/CMakeScratch/TryCompile-hJ1iJR/CheckSymbolExists.c: In function ‘main’:
/home/pi/direwolf/build/CMakeFiles/CMakeScratch/TryCompile-hJ1iJR/CheckSymbolExists.c:8:19: error: ‘strlcpy’ undeclared (first use in this function); did you mean ‘strncpy’?
    8 |   return ((int*)(&strlcpy))[argc];
      |                   ^~~~~~~
      |                   strncpy
/home/pi/direwolf/build/CMakeFiles/CMakeScratch/TryCompile-hJ1iJR/CheckSymbolExists.c:8:19: note: each undeclared identifier is reported only once for each function it appears in
gmake[1]: *** [CMakeFiles/cmTC_4f2b9.dir/build.make:78: CMakeFiles/cmTC_4f2b9.dir/CheckSymbolExists.c.o] Error 1
gmake[1]: Leaving directory '/home/pi/direwolf/build/CMakeFiles/CMakeScratch/TryCompile-hJ1iJR'
gmake: *** [Makefile:127: cmTC_4f2b9/fast] Error 2


File CheckSymbolExists.c:
/* */
#include <string.h>

int main(int argc, char** argv)
{
  (void)argv;
#ifndef strlcpy
  return ((int*)(&strlcpy))[argc];
#else
  (void)argc;
  return 0;
#endif
}
Determining if the strlcat exist failed with the following output:
Change Dir: /home/pi/direwolf/build/CMakeFiles/CMakeScratch/TryCompile-wzNkF1

Run Build Command(s):/usr/bin/gmake -f Makefile cmTC_6284c/fast && /usr/bin/gmake  -f CMakeFiles/cmTC_6284c.dir/build.make CMakeFiles/cmTC_6284c.dir/build
gmake[1]: Entering directory '/home/pi/direwolf/build/CMakeFiles/CMakeScratch/TryCompile-wzNkF1'
Building C object CMakeFiles/cmTC_6284c.dir/CheckSymbolExists.c.o
/usr/bin/cc   -Wall -Wvla -ffast-math -ftree-vectorize -D_GNU_SOURCE  -fmax-errors=1  -o CMakeFiles/cmTC_6284c.dir/CheckSymbolExists.c.o -c /home/pi/direwolf/build/CMakeFiles/CMakeScratch/TryCompile-wzNkF1/CheckSymbolExists.c
/home/pi/direwolf/build/CMakeFiles/CMakeScratch/TryCompile-wzNkF1/CheckSymbolExists.c: In function ‘main’:
/home/pi/direwolf/build/CMakeFiles/CMakeScratch/TryCompile-wzNkF1/CheckSymbolExists.c:8:19: error: ‘strlcat’ undeclared (first use in this function); did you mean ‘strncat’?
    8 |   return ((int*)(&strlcat))[argc];
      |                   ^~~~~~~
      |                   strncat
/home/pi/direwolf/build/CMakeFiles/CMakeScratch/TryCompile-wzNkF1/CheckSymbolExists.c:8:19: note: each undeclared identifier is reported only once for each function it appears in
gmake[1]: *** [CMakeFiles/cmTC_6284c.dir/build.make:78: CMakeFiles/cmTC_6284c.dir/CheckSymbolExists.c.o] Error 1
gmake[1]: Leaving directory '/home/pi/direwolf/build/CMakeFiles/CMakeScratch/TryCompile-wzNkF1'
gmake: *** [Makefile:127: cmTC_6284c/fast] Error 2


File CheckSymbolExists.c:
/* */
#include <string.h>

int main(int argc, char** argv)
{
  (void)argv;
#ifndef strlcat
  return ((int*)(&strlcat))[argc];
#else
  (void)argc;
  return 0;
#endif
}
